0 info it worked if it ends with ok
1 verbose cli [ '/usr/bin/node', '/usr/bin/npm', 'i', '-g', 'npm@6' ]
2 info using npm@1.4.21
3 info using node@v8.11.1
4 verbose cache add [ 'npm@6', null ]
5 verbose cache add name=undefined spec="npm@6" args=["npm@6",null]
6 verbose parsed url Url {
6 verbose parsed url   protocol: null,
6 verbose parsed url   slashes: null,
6 verbose parsed url   auth: null,
6 verbose parsed url   host: null,
6 verbose parsed url   port: null,
6 verbose parsed url   hostname: null,
6 verbose parsed url   hash: null,
6 verbose parsed url   search: null,
6 verbose parsed url   query: null,
6 verbose parsed url   pathname: 'npm@6',
6 verbose parsed url   path: 'npm@6',
6 verbose parsed url   href: 'npm@6' }
7 verbose cache add name="npm" spec="6" args=["npm","6"]
8 verbose parsed url Url {
8 verbose parsed url   protocol: null,
8 verbose parsed url   slashes: null,
8 verbose parsed url   auth: null,
8 verbose parsed url   host: null,
8 verbose parsed url   port: null,
8 verbose parsed url   hostname: null,
8 verbose parsed url   hash: null,
8 verbose parsed url   search: null,
8 verbose parsed url   query: null,
8 verbose parsed url   pathname: '6',
8 verbose parsed url   path: '6',
8 verbose parsed url   href: '6' }
9 verbose addNamed [ 'npm', '6' ]
10 verbose addNamed [ null, '>=6.0.0 <7.0.0' ]
11 silly lockFile caeab8b7-npm-6 npm@6
12 verbose lock npm@6 /home/pi/.npm/caeab8b7-npm-6.lock
13 silly addNameRange { name: 'npm', range: '>=6.0.0 <7.0.0', hasData: false }
14 verbose request where is /npm
15 verbose request registry https://registry.npmjs.org/
16 verbose request id dce98ca42b4ae5a9
17 verbose url raw /npm
18 verbose url resolving [ 'https://registry.npmjs.org/', './npm' ]
19 verbose url resolved https://registry.npmjs.org/npm
20 verbose request where is https://registry.npmjs.org/npm
21 info trying registry request attempt 1 at 13:20:20
22 http GET https://registry.npmjs.org/npm
23 http 200 https://registry.npmjs.org/npm
24 silly registry.get cb [ 200,
24 silly registry.get   { date: 'Sun, 29 Mar 2020 12:20:21 GMT',
24 silly registry.get     'content-type': 'application/json',
24 silly registry.get     'transfer-encoding': 'chunked',
24 silly registry.get     connection: 'close',
24 silly registry.get     'set-cookie':
24 silly registry.get      [ '__cfduid=d946d1c1925871c7870ef74cd62e649a51585484421; expires=Tue, 28-Apr-20 12:20:21 GMT; path=/; domain=.npmjs.org; HttpOnly; SameSite=Lax' ],
24 silly registry.get     'cf-ray': '57b98b618a62e66c-LHR',
24 silly registry.get     age: '3252',
24 silly registry.get     'cache-control': 'public, max-age=300',
24 silly registry.get     etag: 'W/"28bfbac9b886153e945018c439b01ef2"',
24 silly registry.get     'last-modified': 'Wed, 25 Mar 2020 21:38:31 GMT',
24 silly registry.get     vary: 'accept-encoding, accept',
24 silly registry.get     'cf-cache-status': 'HIT',
24 silly registry.get     'expect-ct': 'max-age=604800, report-uri="https://report-uri.cloudflare.com/cdn-cgi/beacon/expect-ct"',
24 silly registry.get     server: 'cloudflare',
24 silly registry.get     'content-encoding': 'gzip' } ]
25 silly addNameRange number 2 { name: 'npm', range: '>=6.0.0 <7.0.0', hasData: true }
26 silly addNameRange versions [ 'npm',
26 silly addNameRange   [ '1.1.25',
26 silly addNameRange     '1.2.32',
26 silly addNameRange     '1.3.2',
26 silly addNameRange     '1.3.4',
26 silly addNameRange     '1.2.20',
26 silly addNameRange     '1.2.21',
26 silly addNameRange     '1.2.22',
26 silly addNameRange     '1.2.23',
26 silly addNameRange     '1.2.24',
26 silly addNameRange     '1.2.25',
26 silly addNameRange     '1.2.27',
26 silly addNameRange     '1.2.28',
26 silly addNameRange     '1.2.30',
26 silly addNameRange     '1.2.31',
26 silly addNameRange     '1.3.0',
26 silly addNameRange     '1.3.1',
26 silly addNameRange     '1.2.19',
26 silly addNameRange     '1.1.70',
26 silly addNameRange     '1.1.71',
26 silly addNameRange     '1.3.5',
26 silly addNameRange     '1.3.6',
26 silly addNameRange     '1.3.7',
26 silly addNameRange     '1.3.8',
26 silly addNameRange     '1.3.9',
26 silly addNameRange     '1.3.10',
26 silly addNameRange     '1.3.11',
26 silly addNameRange     '1.3.12',
26 silly addNameRange     '1.3.13',
26 silly addNameRange     '1.3.14',
26 silly addNameRange     '1.3.15',
26 silly addNameRange     '1.3.16',
26 silly addNameRange     '1.3.17',
26 silly addNameRange     '1.3.18',
26 silly addNameRange     '1.3.20',
26 silly addNameRange     '1.3.21',
26 silly addNameRange     '1.3.22',
26 silly addNameRange     '1.3.23',
26 silly addNameRange     '1.3.24',
26 silly addNameRange     '1.3.25',
26 silly addNameRange     '1.3.26',
26 silly addNameRange     '1.4.0',
26 silly addNameRange     '1.4.1',
26 silly addNameRange     '1.4.2',
26 silly addNameRange     '1.4.3',
26 silly addNameRange     '1.4.4',
26 silly addNameRange     '1.4.5',
26 silly addNameRange     '1.4.6',
26 silly addNameRange     '1.4.7',
26 silly addNameRange     '1.4.8',
26 silly addNameRange     '1.4.9',
26 silly addNameRange     '1.4.10',
26 silly addNameRange     '1.4.11',
26 silly addNameRange     '1.4.12',
26 silly addNameRange     '1.4.13',
26 silly addNameRange     '1.4.14',
26 silly addNameRange     '1.4.15',
26 silly addNameRange     '1.4.16',
26 silly addNameRange     '1.2.8000',
26 silly addNameRange     '1.4.17',
26 silly addNameRange     '1.4.18',
26 silly addNameRange     '1.4.19',
26 silly addNameRange     '1.5.0-alpha-0',
26 silly addNameRange     '1.5.0-alpha-1',
26 silly addNameRange     '1.4.20',
26 silly addNameRange     '1.5.0-alpha-2',
26 silly addNameRange     '1.4.21',
26 silly addNameRange     '1.5.0-alpha-3',
26 silly addNameRange     '1.5.0-alpha-4',
26 silly addNameRange     '2.0.0-alpha-5',
26 silly addNameRange     '1.4.22',
26 silly addNameRange     '1.4.23',
26 silly addNameRange     '2.0.0-alpha.6.0',
26 silly addNameRange     '1.4.24',
26 silly addNameRange     '2.0.0-alpha.6',
26 silly addNameRange     '2.0.0-alpha.7',
26 silly addNameRange     '2.0.0-beta.0',
26 silly addNameRange     '1.4.25',
26 silly addNameRange     '2.0.0-beta.1',
26 silly addNameRange     '1.4.26',
26 silly addNameRange     '2.0.0-beta.2',
26 silly addNameRange     '1.4.27',
26 silly addNameRange     '2.0.0-beta.3',
26 silly addNameRange     '1.4.28',
26 silly addNameRange     '2.0.0',
26 silly addNameRange     '2.0.1',
26 silly addNameRange     '2.0.2',
26 silly addNameRange     '2.1.0',
26 silly addNameRange     '2.1.1',
26 silly addNameRange     '2.1.2',
26 silly addNameRange     '2.1.3',
26 silly addNameRange     '2.1.4',
26 silly addNameRange     '2.1.5',
26 silly addNameRange     '2.1.6',
26 silly addNameRange     '2.1.7',
26 silly addNameRange     '2.1.8',
26 silly addNameRange     '2.1.9',
26 silly addNameRange     '2.1.10',
26 silly addNameRange     '2.1.11',
26 silly addNameRange     '2.1.12',
26 silly addNameRange     '2.1.13',
26 silly addNameRange     ... 244 more items ] ]
27 verbose addNamed [ 'npm', '6.14.4' ]
28 verbose addNamed [ '6.14.4', '6.14.4' ]
29 silly lockFile a80ed856-npm-6-14-4 npm@6.14.4
30 verbose lock npm@6.14.4 /home/pi/.npm/a80ed856-npm-6-14-4.lock
31 silly lockFile 97036f49-try-npmjs-org-npm-npm-6-14-4-tgz https://registry.npmjs.org/npm/-/npm-6.14.4.tgz
32 verbose lock https://registry.npmjs.org/npm/-/npm-6.14.4.tgz /home/pi/.npm/97036f49-try-npmjs-org-npm-npm-6-14-4-tgz.lock
33 verbose addRemoteTarball [ 'https://registry.npmjs.org/npm/-/npm-6.14.4.tgz',
33 verbose addRemoteTarball   '50a1c6274fb451ca18f6ff472d2a73f006adbd66' ]
34 info retry fetch attempt 1 at 13:20:42
35 verbose fetch to= /tmp/npm-1943-wuamOtls/registry.npmjs.org/npm/-/npm-6.14.4.tgz
36 http GET https://registry.npmjs.org/npm/-/npm-6.14.4.tgz
37 http 200 https://registry.npmjs.org/npm/-/npm-6.14.4.tgz
38 silly lockFile 97036f49-try-npmjs-org-npm-npm-6-14-4-tgz https://registry.npmjs.org/npm/-/npm-6.14.4.tgz
39 silly lockFile 97036f49-try-npmjs-org-npm-npm-6-14-4-tgz https://registry.npmjs.org/npm/-/npm-6.14.4.tgz
40 silly lockFile a80ed856-npm-6-14-4 npm@6.14.4
41 silly lockFile a80ed856-npm-6-14-4 npm@6.14.4
42 silly lockFile caeab8b7-npm-6 npm@6
43 silly lockFile caeab8b7-npm-6 npm@6
44 silly resolved [ { version: '6.14.4',
44 silly resolved     name: 'npm',
44 silly resolved     description: 'a package manager for JavaScript',
44 silly resolved     keywords: [ 'install', 'modules', 'package manager', 'package.json' ],
44 silly resolved     preferGlobal: true,
44 silly resolved     config: { publishtest: false },
44 silly resolved     homepage: 'https://docs.npmjs.com/',
44 silly resolved     author:
44 silly resolved      { name: 'Isaac Z. Schlueter',
44 silly resolved        email: 'i@izs.me',
44 silly resolved        url: 'http://blog.izs.me' },
44 silly resolved     repository: { type: 'git', url: 'git+https://github.com/npm/cli.git' },
44 silly resolved     bugs: { url: 'https://npm.community/c/bugs' },
44 silly resolved     directories: { bin: './bin', doc: './doc', lib: './lib', man: './man' },
44 silly resolved     main: './lib/npm.js',
44 silly resolved     bin: { npm: 'bin/npm-cli.js', npx: 'bin/npx-cli.js' },
44 silly resolved     dependencies:
44 silly resolved      { JSONStream: '^1.3.5',
44 silly resolved        abbrev: '~1.1.1',
44 silly resolved        ansicolors: '~0.3.2',
44 silly resolved        ansistyles: '~0.1.3',
44 silly resolved        aproba: '^2.0.0',
44 silly resolved        archy: '~1.0.0',
44 silly resolved        'bin-links': '^1.1.7',
44 silly resolved        bluebird: '^3.5.5',
44 silly resolved        'byte-size': '^5.0.1',
44 silly resolved        cacache: '^12.0.3',
44 silly resolved        'call-limit': '^1.1.1',
44 silly resolved        chownr: '^1.1.4',
44 silly resolved        'ci-info': '^2.0.0',
44 silly resolved        'cli-columns': '^3.1.2',
44 silly resolved        'cli-table3': '^0.5.1',
44 silly resolved        'cmd-shim': '^3.0.3',
44 silly resolved        columnify: '~1.5.4',
44 silly resolved        'config-chain': '^1.1.12',
44 silly resolved        'detect-indent': '~5.0.0',
44 silly resolved        'detect-newline': '^2.1.0',
44 silly resolved        dezalgo: '~1.0.3',
44 silly resolved        editor: '~1.0.0',
44 silly resolved        'figgy-pudding': '^3.5.1',
44 silly resolved        'find-npm-prefix': '^1.0.2',
44 silly resolved        'fs-vacuum': '~1.2.10',
44 silly resolved        'fs-write-stream-atomic': '~1.0.10',
44 silly resolved        'gentle-fs': '^2.3.0',
44 silly resolved        glob: '^7.1.6',
44 silly resolved        'graceful-fs': '^4.2.3',
44 silly resolved        'has-unicode': '~2.0.1',
44 silly resolved        'hosted-git-info': '^2.8.8',
44 silly resolved        iferr: '^1.0.2',
44 silly resolved        'infer-owner': '^1.0.4',
44 silly resolved        inflight: '~1.0.6',
44 silly resolved        inherits: '^2.0.4',
44 silly resolved        ini: '^1.3.5',
44 silly resolved        'init-package-json': '^1.10.3',
44 silly resolved        'is-cidr': '^3.0.0',
44 silly resolved        'json-parse-better-errors': '^1.0.2',
44 silly resolved        'lazy-property': '~1.0.0',
44 silly resolved        libcipm: '^4.0.7',
44 silly resolved        libnpm: '^3.0.1',
44 silly resolved        libnpmaccess: '^3.0.2',
44 silly resolved        libnpmhook: '^5.0.3',
44 silly resolved        libnpmorg: '^1.0.1',
44 silly resolved        libnpmsearch: '^2.0.2',
44 silly resolved        libnpmteam: '^1.0.2',
44 silly resolved        libnpx: '^10.2.2',
44 silly resolved        'lock-verify': '^2.1.0',
44 silly resolved        lockfile: '^1.0.4',
44 silly resolved        'lodash._baseuniq': '~4.6.0',
44 silly resolved        'lodash.clonedeep': '~4.5.0',
44 silly resolved        'lodash.union': '~4.6.0',
44 silly resolved        'lodash.uniq': '~4.5.0',
44 silly resolved        'lodash.without': '~4.4.0',
44 silly resolved        'lru-cache': '^5.1.1',
44 silly resolved        meant: '~1.0.1',
44 silly resolved        mississippi: '^3.0.0',
44 silly resolved        mkdirp: '^0.5.4',
44 silly resolved        'move-concurrently': '^1.0.1',
44 silly resolved        'node-gyp': '^5.1.0',
44 silly resolved        nopt: '~4.0.1',
44 silly resolved        'normalize-package-data': '^2.5.0',
44 silly resolved        'npm-audit-report': '^1.3.2',
44 silly resolved        'npm-cache-filename': '~1.0.2',
44 silly resolved        'npm-install-checks': '^3.0.2',
44 silly resolved        'npm-lifecycle': '^3.1.4',
44 silly resolved        'npm-package-arg': '^6.1.1',
44 silly resolved        'npm-packlist': '^1.4.8',
44 silly resolved        'npm-pick-manifest': '^3.0.2',
44 silly resolved        'npm-profile': '^4.0.4',
44 silly resolved        'npm-registry-fetch': '^4.0.3',
44 silly resolved        'npm-user-validate': '~1.0.0',
44 silly resolved        npmlog: '~4.1.2',
44 silly resolved        once: '~1.4.0',
44 silly resolved        opener: '^1.5.1',
44 silly resolved        osenv: '^0.1.5',
44 silly resolved        pacote: '^9.5.12',
44 silly resolved        'path-is-inside': '~1.0.2',
44 silly resolved        'promise-inflight': '~1.0.1',
44 silly resolved        'qrcode-terminal': '^0.12.0',
44 silly resolved        'query-string': '^6.8.2',
44 silly resolved        qw: '~1.0.1',
44 silly resolved        read: '~1.0.7',
44 silly resolved        'read-cmd-shim': '^1.0.5',
44 silly resolved        'read-installed': '~4.0.3',
44 silly resolved        'read-package-json': '^2.1.1',
44 silly resolved        'read-package-tree': '^5.3.1',
44 silly resolved        'readable-stream': '^3.6.0',
44 silly resolved        'readdir-scoped-modules': '^1.1.0',
44 silly resolved        request: '^2.88.0',
44 silly resolved        retry: '^0.12.0',
44 silly resolved        rimraf: '^2.7.1',
44 silly resolved        'safe-buffer': '^5.1.2',
44 silly resolved        semver: '^5.7.1',
44 silly resolved        sha: '^3.0.0',
44 silly resolved        slide: '~1.1.6',
44 silly resolved        'sorted-object': '~2.0.1',
44 silly resolved        'sorted-union-stream': '~2.1.3',
44 silly resolved        ssri: '^6.0.1',
44 silly resolved        'stringify-package': '^1.0.1',
44 silly resolved        tar: '^4.4.13',
44 silly resolved        'text-table': '~0.2.0',
44 silly resolved        'tiny-relative-date': '^1.3.0',
44 silly resolved        'uid-number': '0.0.6',
44 silly resolved        umask: '~1.1.0',
44 silly resolved        'unique-filename': '^1.1.1',
44 silly resolved        unpipe: '~1.0.0',
44 silly resolved        'update-notifier': '^2.5.0',
44 silly resolved        uuid: '^3.3.3',
44 silly resolved        'validate-npm-package-license': '^3.0.4',
44 silly resolved        'validate-npm-package-name': '~3.0.0',
44 silly resolved        which: '^1.3.1',
44 silly resolved        'worker-farm': '^1.7.0',
44 silly resolved        'write-file-atomic': '^2.4.3',
44 silly resolved        debuglog: '*',
44 silly resolved        imurmurhash: '*',
44 silly resolved        'lodash._baseindexof': '*',
44 silly resolved        'lodash._bindcallback': '*',
44 silly resolved        'lodash._cacheindexof': '*',
44 silly resolved        'lodash._createcache': '*',
44 silly resolved        'lodash._getnative': '*',
44 silly resolved        'lodash.restparam': '*' },
44 silly resolved     bundleDependencies:
44 silly resolved      [ 'abbrev',
44 silly resolved        'ansicolors',
44 silly resolved        'ansistyles',
44 silly resolved        'aproba',
44 silly resolved        'archy',
44 silly resolved        'bin-links',
44 silly resolved        'bluebird',
44 silly resolved        'byte-size',
44 silly resolved        'cacache',
44 silly resolved        'call-limit',
44 silly resolved        'chownr',
44 silly resolved        'ci-info',
44 silly resolved        'cli-columns',
44 silly resolved        'cli-table3',
44 silly resolved        'cmd-shim',
44 silly resolved        'columnify',
44 silly resolved        'config-chain',
44 silly resolved        'debuglog',
44 silly resolved        'detect-indent',
44 silly resolved        'detect-newline',
44 silly resolved        'dezalgo',
44 silly resolved        'editor',
44 silly resolved        'figgy-pudding',
44 silly resolved        'find-npm-prefix',
44 silly resolved        'fs-vacuum',
44 silly resolved        'fs-write-stream-atomic',
44 silly resolved        'gentle-fs',
44 silly resolved        'glob',
44 silly resolved        'graceful-fs',
44 silly resolved        'has-unicode',
44 silly resolved        'hosted-git-info',
44 silly resolved        'iferr',
44 silly resolved        'imurmurhash',
44 silly resolved        'infer-owner',
44 silly resolved        'inflight',
44 silly resolved        'inherits',
44 silly resolved        'ini',
44 silly resolved        'init-package-json',
44 silly resolved        'is-cidr',
44 silly resolved        'json-parse-better-errors',
44 silly resolved        'JSONStream',
44 silly resolved        'lazy-property',
44 silly resolved        'libcipm',
44 silly resolved        'libnpm',
44 silly resolved        'libnpmaccess',
44 silly resolved        'libnpmhook',
44 silly resolved        'libnpmorg',
44 silly resolved        'libnpmsearch',
44 silly resolved        'libnpmteam',
44 silly resolved        'libnpx',
44 silly resolved        'lock-verify',
44 silly resolved        'lockfile',
44 silly resolved        'lodash._baseindexof',
44 silly resolved        'lodash._baseuniq',
44 silly resolved        'lodash._bindcallback',
44 silly resolved        'lodash._cacheindexof',
44 silly resolved        'lodash._createcache',
44 silly resolved        'lodash._getnative',
44 silly resolved        'lodash.clonedeep',
44 silly resolved        'lodash.restparam',
44 silly resolved        'lodash.union',
44 silly resolved        'lodash.uniq',
44 silly resolved        'lodash.without',
44 silly resolved        'lru-cache',
44 silly resolved        'meant',
44 silly resolved        'mississippi',
44 silly resolved        'mkdirp',
44 silly resolved        'move-concurrently',
44 silly resolved        'node-gyp',
44 silly resolved        'nopt',
44 silly resolved        'normalize-package-data',
44 silly resolved        'npm-audit-report',
44 silly resolved        'npm-cache-filename',
44 silly resolved        'npm-install-checks',
44 silly resolved        'npm-lifecycle',
44 silly resolved        'npm-package-arg',
44 silly resolved        'npm-packlist',
44 silly resolved        'npm-pick-manifest',
44 silly resolved        'npm-profile',
44 silly resolved        'npm-registry-fetch',
44 silly resolved        'npm-user-validate',
44 silly resolved        'npmlog',
44 silly resolved        'once',
44 silly resolved        'opener',
44 silly resolved        'osenv',
44 silly resolved        'pacote',
44 silly resolved        'path-is-inside',
44 silly resolved        'promise-inflight',
44 silly resolved        'qrcode-terminal',
44 silly resolved        'query-string',
44 silly resolved        'qw',
44 silly resolved        'read-cmd-shim',
44 silly resolved        'read-installed',
44 silly resolved        'read-package-json',
44 silly resolved        'read-package-tree',
44 silly resolved        'read',
44 silly resolved        'readable-stream',
44 silly resolved        'readdir-scoped-modules',
44 silly resolved        'request',
44 silly resolved        'retry',
44 silly resolved        ... 23 more items ],
44 silly resolved     devDependencies:
44 silly resolved      { 'deep-equal': '^1.0.1',
44 silly resolved        'get-stream': '^4.1.0',
44 silly resolved        licensee: '^7.0.3',
44 silly resolved        marked: '^0.6.3',
44 silly resolved        'marked-man': '^0.6.0',
44 silly resolved        'npm-registry-couchapp': '^2.7.4',
44 silly resolved        'npm-registry-mock': '^1.3.1',
44 silly resolved        'require-inject': '^1.4.4',
44 silly resolved        'sprintf-js': '^1.1.2',
44 silly resolved        standard: '^11.0.1',
44 silly resolved        tacks: '^1.3.0',
44 silly resolved        tap: '^12.7.0',
44 silly resolved        'tar-stream': '^2.1.0' },
44 silly resolved     scripts:
44 silly resolved      { dumpconf: 'env | grep npm | sort | uniq',
44 silly resolved        prepare: 'node bin/npm-cli.js rebuild && node bin/npm-cli.js --no-audit --no-timing prune --prefix=. --no-global && rimraf test/*/*/node_modules && make -j4 mandocs',
44 silly resolved        preversion: 'bash scripts/update-authors.sh && git add AUTHORS && git commit -m "update AUTHORS" || true',
44 silly resolved        licenses: 'licensee --production --errors-only',
44 silly resolved        tap: 'tap -J --timeout 300 --no-esm',
44 silly resolved        'tap-cover': 'tap -J --nyc-arg=--cache --coverage --timeout 600 --no-esm',
44 silly resolved        lint: 'standard',
44 silly resolved        pretest: 'npm run lint',
44 silly resolved        test: 'npm run test-tap --',
44 silly resolved        'test:nocleanup': 'NO_TEST_CLEANUP=1 npm run test --',
44 silly resolved        sudotest: 'sudo npm run tap -- "test/tap/*.js"',
44 silly resolved        'sudotest:nocleanup': 'sudo NO_TEST_CLEANUP=1 npm run tap -- "test/tap/*.js"',
44 silly resolved        posttest: 'rimraf test/npm_cache*',
44 silly resolved        'test-coverage': 'npm run tap-cover -- "test/tap/*.js" "test/network/*.js"',
44 silly resolved        'test-tap': 'npm run tap -- "test/tap/*.js" "test/network/*.js"',
44 silly resolved        'test-node': 'tap --timeout 240 "test/tap/*.js" "test/network/*.js"' },
44 silly resolved     license: 'Artistic-2.0',
44 silly resolved     engines: { node: '6 >=6.2.0 || 8 || >=9.3.0' },
44 silly resolved     contributors:
44 silly resolved      [ [Object],
44 silly resolved        [Object],
44 silly resolved        [Object],
44 silly resolved        [Object],
44 silly resolved        [Object],
44 silly resolved        [Object],
44 silly resolved        [Object],
44 silly resolved        [Object],
44 silly resolved        [Object],
44 silly resolved        [Object],
44 silly resolved        [Object],
44 silly resolved        [Object],
44 silly resolved        [Object],
44 silly resolved        [Object],
44 silly resolved        [Object],
44 silly resolved        [Object],
44 silly resolved        [Object],
44 silly resolved        [Object],
44 silly resolved        [Object],
44 silly resolved        [Object],
44 silly resolved        [Object],
44 silly resolved        [Object],
44 silly resolved        [Object],
44 silly resolved        [Object],
44 silly resolved        [Object],
44 silly resolved        [Object],
44 silly resolved        [Object],
44 silly resolved        [Object],
44 silly resolved        [Object],
44 silly resolved        [Object],
44 silly resolved        [Object],
44 silly resolved        [Object],
44 silly resolved        [Object],
44 silly resolved        [Object],
44 silly resolved        [Object],
44 silly resolved        [Object],
44 silly resolved        [Object],
44 silly resolved        [Object],
44 silly resolved        [Object],
44 silly resolved        [Object],
44 silly resolved        [Object],
44 silly resolved        [Object],
44 silly resolved        [Object],
44 silly resolved        [Object],
44 silly resolved        [Object],
44 silly resolved        [Object],
44 silly resolved        [Object],
44 silly resolved        [Object],
44 silly resolved        [Object],
44 silly resolved        [Object],
44 silly resolved        [Object],
44 silly resolved        [Object],
44 silly resolved        [Object],
44 silly resolved        [Object],
44 silly resolved        [Object],
44 silly resolved        [Object],
44 silly resolved        [Object],
44 silly resolved        [Object],
44 silly resolved        [Object],
44 silly resolved        [Object],
44 silly resolved        [Object],
44 silly resolved        [Object],
44 silly resolved        [Object],
44 silly resolved        [Object],
44 silly resolved        [Object],
44 silly resolved        [Object],
44 silly resolved        [Object],
44 silly resolved        [Object],
44 silly resolved        [Object],
44 silly resolved        [Object],
44 silly resolved        [Object],
44 silly resolved        [Object],
44 silly resolved        [Object],
44 silly resolved        [Object],
44 silly resolved        [Object],
44 silly resolved        [Object],
44 silly resolved        [Object],
44 silly resolved        [Object],
44 silly resolved        [Object],
44 silly resolved        [Object],
44 silly resolved        [Object],
44 silly resolved        [Object],
44 silly resolved        [Object],
44 silly resolved        [Object],
44 silly resolved        [Object],
44 silly resolved        [Object],
44 silly resolved        [Object],
44 silly resolved        [Object],
44 silly resolved        [Object],
44 silly resolved        [Object],
44 silly resolved        [Object],
44 silly resolved        [Object],
44 silly resolved        [Object],
44 silly resolved        [Object],
44 silly resolved        [Object],
44 silly resolved        [Object],
44 silly resolved        [Object],
44 silly resolved        [Object],
44 silly resolved        [Object],
44 silly resolved        [Object],
44 silly resolved        ... 592 more items ],
44 silly resolved     readme: 'npm(1) -- a JavaScript package manager\n==============================\n\n[![Build Status](https://img.shields.io/travis/npm/cli/latest.svg)](https://travis-ci.org/npm/cli)\n\n## SYNOPSIS\n\nThis is just enough info to get you up and running.\n\nMuch more info will be available via `npm help` once it\'s installed.\n\n## IMPORTANT\n\n**You need node v6 or higher to run this program.**\n\nTo install an old **and unsupported** version of npm that works on node v5\nand prior, clone the git repo and dig through the old tags and branches.\n\n**npm is configured to use npm, Inc.\'s public registry at\n<https://registry.npmjs.org> by default.** Use of the npm public registry\nis subject to terms of use available at <https://www.npmjs.com/policies/terms>.\n\nYou can configure npm to use any compatible registry you\nlike, and even run your own registry. Check out the [doc on\nregistries](https://docs.npmjs.com/misc/registry).\n\n## Super Easy Install\n\nnpm is bundled with [node](https://nodejs.org/en/download/).\n\n### Windows Computers\n\n[Get the MSI](https://nodejs.org/en/download/).  npm is in it.\n\n### Apple Macintosh Computers\n\n[Get the pkg](https://nodejs.org/en/download/).  npm is in it.\n\n### Other Sorts of Unices\n\nRun `make install`.  npm will be installed with node.\n\nIf you want a more fancy pants install (a different version, customized\npaths, etc.) then read on.\n\n## Fancy Install (Unix)\n\nThere\'s a pretty robust install script at\n<https://www.npmjs.com/install.sh>.  You can download that and run it.\n\nHere\'s an example using curl:\n\n```sh\ncurl -L https://www.npmjs.com/install.sh | sh\n```\n\n### Slightly Fancier\n\nYou can set any npm configuration params with that script:\n\n```sh\nnpm_config_prefix=/some/path sh install.sh\n```\n\nOr, you can run it in uber-debuggery mode:\n\n```sh\nnpm_debug=1 sh install.sh\n```\n\n### Even Fancier\n\nGet the code with git.  Use `make` to build the docs and do other stuff.\nIf you plan on hacking on npm, `make link` is your friend.\n\nIf you\'ve got the npm source code, you can also semi-permanently set\narbitrary config keys using the `./configure --key=val ...`, and then\nrun npm commands by doing `node bin/npm-cli.js <command> <args>`.  (This is helpful\nfor testing, or running stuff without actually installing npm itself.)\n\n## Windows Install or Upgrade\n\nMany improvements for Windows users have been made in npm 3 - you will have a better\nexperience if you run a recent version of npm. To upgrade, either use [Microsoft\'s\nupgrade tool](https://github.com/felixrieseberg/npm-windows-upgrade),\n[download a new version of Node](https://nodejs.org/en/download/),\nor follow the Windows upgrade instructions in the\n[Installing/upgrading npm](https://npm.community/t/installing-upgrading-npm/251/2) post.\n\nIf that\'s not fancy enough for you, then you can fetch the code with\ngit, and mess with it directly.\n\n## Installing on Cygwin\n\nNo.\n\n## Uninstalling\n\nSo sad to see you go.\n\n```sh\nsudo npm uninstall npm -g\n```\nOr, if that fails,\n\n```sh\nsudo make uninstall\n```\n\n## More Severe Uninstalling\n\nUsually, the above instructions are sufficient.  That will remove\nnpm, but leave behind anything you\'ve installed.\n\nIf you would like to remove all the packages that you have installed,\nthen you can use the `npm ls` command to find them, and then `npm rm` to\nremove them.\n\nTo remove cruft left behind by npm 0.x, you can use the included\n`clean-old.sh` script file.  You can run it conveniently like this:\n\n```sh\nnpm explore npm -g -- sh scripts/clean-old.sh\n```\n\nnpm uses two configuration files, one for per-user configs, and another\nfor global (every-user) configs.  You can view them by doing:\n\n```sh\nnpm config get userconfig   # defaults to ~/.npmrc\nnpm config get globalconfig # defaults to /usr/local/etc/npmrc\n```\n\nUninstalling npm does not remove configuration files by default.  You\nmust remove them yourself manually if you want them gone.  Note that\nthis means that future npm installs will not remember the settings that\nyou have chosen.\n\n## More Docs\n\nCheck out the [docs](https://docs.npmjs.com/).\n\nYou can use the `npm help` command to read any of them.\n\nIf you\'re a developer, and you want to use npm to publish your program,\nyou should [read this](https://docs.npmjs.com/misc/developers).\n\n## BUGS\n\nWhen you find issues, please report them:\n\n* web:\n  <https://npm.community/c/bugs>\n\nBe sure to include *all* of the output from the npm command that didn\'t work\nas expected.  The `npm-debug.log` file is also helpful to provide.\n\n## SEE ALSO\n\n* npm(1)\n* npm-help(1)\n',
44 silly resolved     readmeFilename: 'README.md',
44 silly resolved     man:
44 silly resolved      [ '/Users/ruyadorno/Documents/workspace/cli/man/man1/npm-access.1',
44 silly resolved        '/Users/ruyadorno/Documents/workspace/cli/man/man1/npm-adduser.1',
44 silly resolved        '/Users/ruyadorno/Documents/workspace/cli/man/man1/npm-audit.1',
44 silly resolved        '/Users/ruyadorno/Documents/workspace/cli/man/man1/npm-bin.1',
44 silly resolved        '/Users/ruyadorno/Documents/workspace/cli/man/man1/npm-bugs.1',
44 silly resolved        '/Users/ruyadorno/Documents/workspace/cli/man/man1/npm-build.1',
44 silly resolved        '/Users/ruyadorno/Documents/workspace/cli/man/man1/npm-bundle.1',
44 silly resolved        '/Users/ruyadorno/Documents/workspace/cli/man/man1/npm-cache.1',
44 silly resolved        '/Users/ruyadorno/Documents/workspace/cli/man/man1/npm-ci.1',
44 silly resolved        '/Users/ruyadorno/Documents/workspace/cli/man/man1/npm-completion.1',
44 silly resolved        '/Users/ruyadorno/Documents/workspace/cli/man/man1/npm-config.1',
44 silly resolved        '/Users/ruyadorno/Documents/workspace/cli/man/man1/npm-dedupe.1',
44 silly resolved        '/Users/ruyadorno/Documents/workspace/cli/man/man1/npm-deprecate.1',
44 silly resolved        '/Users/ruyadorno/Documents/workspace/cli/man/man1/npm-dist-tag.1',
44 silly resolved        '/Users/ruyadorno/Documents/workspace/cli/man/man1/npm-docs.1',
44 silly resolved        '/Users/ruyadorno/Documents/workspace/cli/man/man1/npm-doctor.1',
44 silly resolved        '/Users/ruyadorno/Documents/workspace/cli/man/man1/npm-edit.1',
44 silly resolved        '/Users/ruyadorno/Documents/workspace/cli/man/man1/npm-explore.1',
44 silly resolved        '/Users/ruyadorno/Documents/workspace/cli/man/man1/npm-fund.1',
44 silly resolved        '/Users/ruyadorno/Documents/workspace/cli/man/man1/npm-help-search.1',
44 silly resolved        '/Users/ruyadorno/Documents/workspace/cli/man/man1/npm-help.1',
44 silly resolved        '/Users/ruyadorno/Documents/workspace/cli/man/man1/npm-hook.1',
44 silly resolved        '/Users/ruyadorno/Documents/workspace/cli/man/man1/npm-init.1',
44 silly resolved        '/Users/ruyadorno/Documents/workspace/cli/man/man1/npm-install-ci-test.1',
44 silly resolved        '/Users/ruyadorno/Documents/workspace/cli/man/man1/npm-install-test.1',
44 silly resolved        '/Users/ruyadorno/Documents/workspace/cli/man/man1/npm-install.1',
44 silly resolved        '/Users/ruyadorno/Documents/workspace/cli/man/man1/npm-link.1',
44 silly resolved        '/Users/ruyadorno/Documents/workspace/cli/man/man1/npm-logout.1',
44 silly resolved        '/Users/ruyadorno/Documents/workspace/cli/man/man1/npm-ls.1',
44 silly resolved        '/Users/ruyadorno/Documents/workspace/cli/man/man1/npm-org.1',
44 silly resolved        '/Users/ruyadorno/Documents/workspace/cli/man/man1/npm-outdated.1',
44 silly resolved        '/Users/ruyadorno/Documents/workspace/cli/man/man1/npm-owner.1',
44 silly resolved        '/Users/ruyadorno/Documents/workspace/cli/man/man1/npm-pack.1',
44 silly resolved        '/Users/ruyadorno/Documents/workspace/cli/man/man1/npm-ping.1',
44 silly resolved        '/Users/ruyadorno/Documents/workspace/cli/man/man1/npm-prefix.1',
44 silly resolved        '/Users/ruyadorno/Documents/workspace/cli/man/man1/npm-profile.1',
44 silly resolved        '/Users/ruyadorno/Documents/workspace/cli/man/man1/npm-prune.1',
44 silly resolved        '/Users/ruyadorno/Documents/workspace/cli/man/man1/npm-publish.1',
44 silly resolved        '/Users/ruyadorno/Documents/workspace/cli/man/man1/npm-README.1',
44 silly resolved        '/Users/ruyadorno/Documents/workspace/cli/man/man1/npm-rebuild.1',
44 silly resolved        '/Users/ruyadorno/Documents/workspace/cli/man/man1/npm-repo.1',
44 silly resolved        '/Users/ruyadorno/Documents/workspace/cli/man/man1/npm-restart.1',
44 silly resolved        '/Users/ruyadorno/Documents/workspace/cli/man/man1/npm-root.1',
44 silly resolved        '/Users/ruyadorno/Documents/workspace/cli/man/man1/npm-run-script.1',
44 silly resolved        '/Users/ruyadorno/Documents/workspace/cli/man/man1/npm-search.1',
44 silly resolved        '/Users/ruyadorno/Documents/workspace/cli/man/man1/npm-shrinkwrap.1',
44 silly resolved        '/Users/ruyadorno/Documents/workspace/cli/man/man1/npm-star.1',
44 silly resolved        '/Users/ruyadorno/Documents/workspace/cli/man/man1/npm-stars.1',
44 silly resolved        '/Users/ruyadorno/Documents/workspace/cli/man/man1/npm-start.1',
44 silly resolved        '/Users/ruyadorno/Documents/workspace/cli/man/man1/npm-stop.1',
44 silly resolved        '/Users/ruyadorno/Documents/workspace/cli/man/man1/npm-team.1',
44 silly resolved        '/Users/ruyadorno/Documents/workspace/cli/man/man1/npm-test.1',
44 silly resolved        '/Users/ruyadorno/Documents/workspace/cli/man/man1/npm-token.1',
44 silly resolved        '/Users/ruyadorno/Documents/workspace/cli/man/man1/npm-uninstall.1',
44 silly resolved        '/Users/ruyadorno/Documents/workspace/cli/man/man1/npm-unpublish.1',
44 silly resolved        '/Users/ruyadorno/Documents/workspace/cli/man/man1/npm-update.1',
44 silly resolved        '/Users/ruyadorno/Documents/workspace/cli/man/man1/npm-version.1',
44 silly resolved        '/Users/ruyadorno/Documents/workspace/cli/man/man1/npm-view.1',
44 silly resolved        '/Users/ruyadorno/Documents/workspace/cli/man/man1/npm-whoami.1',
44 silly resolved        '/Users/ruyadorno/Documents/workspace/cli/man/man1/npm.1',
44 silly resolved        '/Users/ruyadorno/Documents/workspace/cli/man/man1/npx.1',
44 silly resolved        '/Users/ruyadorno/Documents/workspace/cli/man/man5/folders.5',
44 silly resolved        '/Users/ruyadorno/Documents/workspace/cli/man/man5/install.5',
44 silly resolved        '/Users/ruyadorno/Documents/workspace/cli/man/man5/npmrc.5',
44 silly resolved        '/Users/ruyadorno/Documents/workspace/cli/man/man5/package-json.5',
44 silly resolved        '/Users/ruyadorno/Documents/workspace/cli/man/man5/package-lock-json.5',
44 silly resolved        '/Users/ruyadorno/Documents/workspace/cli/man/man5/package-locks.5',
44 silly resolved        '/Users/ruyadorno/Documents/workspace/cli/man/man5/shrinkwrap-json.5',
44 silly resolved        '/Users/ruyadorno/Documents/workspace/cli/man/man7/config.7',
44 silly resolved        '/Users/ruyadorno/Documents/workspace/cli/man/man7/developers.7',
44 silly resolved        '/Users/ruyadorno/Documents/workspace/cli/man/man7/disputes.7',
44 silly resolved        '/Users/ruyadorno/Documents/workspace/cli/man/man7/orgs.7',
44 silly resolved        '/Users/ruyadorno/Documents/workspace/cli/man/man7/registry.7',
44 silly resolved        '/Users/ruyadorno/Documents/workspace/cli/man/man7/removal.7',
44 silly resolved        '/Users/ruyadorno/Documents/workspace/cli/man/man7/scope.7',
44 silly resolved        '/Users/ruyadorno/Documents/workspace/cli/man/man7/scripts.7',
44 silly resolved        '/Users/ruyadorno/Documents/workspace/cli/man/man7/semver.7' ],
44 silly resolved     gitHead: 'cf7da1e1a0dc9becbe382ac5abd8830551009a53',
44 silly resolved     _id: 'npm@6.14.4',
44 silly resolved     _nodeVersion: '13.11.0',
44 silly resolved     _npmVersion: '6.14.4',
44 silly resolved     _npmUser: { name: 'ruyadorno', email: 'ruyadorno@hotmail.com' },
44 silly resolved     dist:
44 silly resolved      { integrity: 'sha512-B8UDDbWvdkW6RgXFn8/h2cHJP/u/FPa4HWeGzW23aNEBARN3QPrRaHqPIZW2NSN3fW649gtgUDNZpaRs0zTMPw==',
44 silly resolved        shasum: '50a1c6274fb451ca18f6ff472d2a73f006adbd66',
44 silly resolved        tarball: 'https://registry.npmjs.org/npm/-/npm-6.14.4.tgz',
44 silly resolved        fileCount: 4168,
44 silly resolved        unpackedSize: 23906053,
44 silly resolved        'npm-signature': '-----BEGIN PGP SIGNATURE-----\r\nVersion: OpenPGP.js v3.0.4\r\nComment: https://openpgpjs.org\r\n\r\nwsFcBAEBCAAQBQJee3zMCRA9TVsSAnZWagAANUcP/3n9o+E118UZxhS9w2Yt\n6ra2d5uSu+GR4V6BBS8oBw1uoOWrFGs35iZfamz3oK2+rMhwbF97PZxav7QL\nAD0keIMBBtavC2AmoUK/L9yzm59p/7gdzAq1EbZMQc1UMC7gqQF3u1gJVJKY\nSQS1IV9PJCnPJbWP9j66lj/i/9bD9NsA/WdyBaUPImFwzsk2oa0Smautn8Ep\noGOOaderxw3LlKb+l6IyzgC6KlNylerDE5LEJBfKsxjYjGjpryiZ0Bb0pRbd\nDj4v8VPAIVGjCeBRn0XenSRzkW5f99LsWZv8ZFiL+EIZmeY06S2gIzRXu9Kw\nhMvd8YGtFLXFkVsR6LVh1xCw8FjvQFcPGsPb8g5Y5pzWBBoD4g+YS519QFen\no9rQ7wODuD0hhfBbpafFY1GsEJ1m7GbhaZtT5jIEEDmR59Eb45snHpXnNtet\nZmtsJo/c9RSrfiwvZIznUstF04oE1EJVotMGQgZjhWIEOlBfMxfws1z7OjuD\nN0QUKCxbhO9mmMs/e4tm6Qu3ZVuOx/RXK2tev0+/H0lMeLj+OZi55gmDKKwE\nwymObOFDi13ux62BsiYNp6ZrXToiJ5U+O864ZTzpIFg0FOhTKjV0WU/A/gdX\nNu38aXtAlNpvc8kL7zZmbuBBDPIwB9Dc+w9H6EXjBHG+WGidU23s6QZmQkho\nlybi\r\n=ktSC\r\n-----END PGP SIGNATURE-----\r\n' },
44 silly resolved     maintainers: [ [Object], [Object], [Object], [Object], [Object] ],
44 silly resolved     _npmOperationalInternal:
44 silly resolved      { host: 's3://npm-registry-packages',
44 silly resolved        tmp: 'tmp/npm_6.14.4_1585151179409_0.3276697257731649' },
44 silly resolved     _hasShrinkwrap: false,
44 silly resolved     _shasum: '50a1c6274fb451ca18f6ff472d2a73f006adbd66',
44 silly resolved     _from: 'npm@6',
44 silly resolved     _resolved: 'https://registry.npmjs.org/npm/-/npm-6.14.4.tgz' } ]
45 info install npm@6.14.4 into /usr/local/lib
46 info installOne npm@6.14.4
47 verbose lib/node_modules/npm unbuild
48 verbose tar unpack /home/pi/.npm/npm/6.14.4/package.tgz
49 silly lockFile 3dfa8f63-r-usr-local-lib-node-modules-npm tar:///usr/local/lib/node_modules/npm
50 verbose lock tar:///usr/local/lib/node_modules/npm /home/pi/.npm/3dfa8f63-r-usr-local-lib-node-modules-npm.lock
51 silly lockFile 59742506-me-pi-npm-npm-6-14-4-package-tgz tar:///home/pi/.npm/npm/6.14.4/package.tgz
52 verbose lock tar:///home/pi/.npm/npm/6.14.4/package.tgz /home/pi/.npm/59742506-me-pi-npm-npm-6-14-4-package-tgz.lock
53 silly gunzTarPerm modes [ '755', '644' ]
54 error tar.unpack untar error /home/pi/.npm/npm/6.14.4/package.tgz
55 silly lockFile 3dfa8f63-r-usr-local-lib-node-modules-npm tar:///usr/local/lib/node_modules/npm
56 silly lockFile 3dfa8f63-r-usr-local-lib-node-modules-npm tar:///usr/local/lib/node_modules/npm
57 silly lockFile 59742506-me-pi-npm-npm-6-14-4-package-tgz tar:///home/pi/.npm/npm/6.14.4/package.tgz
58 silly lockFile 59742506-me-pi-npm-npm-6-14-4-package-tgz tar:///home/pi/.npm/npm/6.14.4/package.tgz
59 verbose lib/node_modules/npm unbuild
60 error Error: EACCES: permission denied, mkdir '/usr/local/lib/node_modules'
60 error  { Error: EACCES: permission denied, mkdir '/usr/local/lib/node_modules'
60 error   errno: -13,
60 error   code: 'EACCES',
60 error   syscall: 'mkdir',
60 error   path: '/usr/local/lib/node_modules',
60 error   fstream_type: 'Directory',
60 error   fstream_path: '/usr/local/lib/node_modules/npm',
60 error   fstream_class: 'DirWriter',
60 error   fstream_stack:
60 error    [ '/usr/lib/nodejs/fstream/lib/writer.js:171:25',
60 error      '/usr/lib/nodejs/mkdirp/index.js:46:53',
60 error      'FSReqWrap.oncomplete (fs.js:152:21)' ] }
61 error Please try running this command again as root/Administrator.
62 error System Linux 4.14.79+
63 error command "/usr/bin/node" "/usr/bin/npm" "i" "-g" "npm@6"
64 error cwd /home/pi/scroller
65 error node -v v8.11.1
66 error npm -v 1.4.21
67 error path /usr/local/lib/node_modules
68 error syscall mkdir
69 error fstream_path /usr/local/lib/node_modules/npm
70 error fstream_type Directory
71 error fstream_class DirWriter
72 error code EACCES
73 error errno -13
74 error stack Error: EACCES: permission denied, mkdir '/usr/local/lib/node_modules'
75 error fstream_stack /usr/lib/nodejs/fstream/lib/writer.js:171:25
75 error fstream_stack /usr/lib/nodejs/mkdirp/index.js:46:53
75 error fstream_stack FSReqWrap.oncomplete (fs.js:152:21)
76 verbose exit [ -13, true ]
